
################################################################################
#
# This file has been generated by SpyGlass:
#     Report Name      : moresimple
#     Report Created by: ICer
#     Report Created on:  Thu Sep 29 15:00:24 2022
#     Working Directory: /home/ICer/CORE_RTL/C910_RTL_FACTORY/gen_rtl/had/spy
#     SpyGlass Version : SpyGlass_vL-2016.06
#     Policy Name      : SpyGlass(SpyGlass_vL-2016.06)
#
#     Total Number of Generated Messages :         43
#     Number of Waived Messages          :          0
#     Number of Reported Messages        :         43
#     Number of Overlimit Messages       :          0
#
#
################################################################################

+++++++++++++++++++++++++++++++++++++++++++++++++++++++++++++++++++++++
MORESIMPLE REPORT:
############### FATAL MESSAGES ############### 
+++++++++++++++++++++++++++++++++++++++++++++++++++++++++++++++++++++++++++++++++
ID       Rule          Alias         Severity    File                      Line    Wt      Message
======================================================================================
[0]      STX_VE_533    STX_VE_533    Syntax      ../rtl/ct_had_ddc_dp.v    72      1000    Used macro ( PA_WIDTH ) has not been defined. Trace: (None)
[1]      STX_VE_606    STX_VE_606    Syntax      ../rtl/ct_had_ddc_dp.v    101     1000    Identifier ( ADDRW ) not declared in current scope
[2]      STX_VE_533    STX_VE_533    Syntax      ../rtl/ct_had_pcfifo.v    111     1000    Used macro ( PA_WIDTH ) has not been defined. Trace: (None)
[3]      STX_VE_606    STX_VE_606    Syntax      ../rtl/ct_had_pcfifo.v    146     1000    Identifier ( WIDTH ) not declared in current scope
[4]      STX_VE_606    STX_VE_606    Syntax      ../rtl/ct_had_pcfifo.v    152     1000    Identifier ( WIDTH ) not declared in current scope
[5]      STX_VE_606    STX_VE_606    Syntax      ../rtl/ct_had_pcfifo.v    158     1000    Identifier ( WIDTH ) not declared in current scope
[6]      STX_VE_606    STX_VE_606    Syntax      ../rtl/ct_had_pcfifo.v    164     1000    Identifier ( WIDTH ) not declared in current scope
[7]      STX_VE_606    STX_VE_606    Syntax      ../rtl/ct_had_pcfifo.v    201     1000    Identifier ( WIDTH ) not declared in current scope
[8]      STX_VE_606    STX_VE_606    Syntax      ../rtl/ct_had_pcfifo.v    208     1000    Identifier ( WIDTH ) not declared in current scope
[9]      STX_VE_606    STX_VE_606    Syntax      ../rtl/ct_had_pcfifo.v    208     1000    Identifier ( WIDTH ) not declared in current scope
[A]      STX_VE_606    STX_VE_606    Syntax      ../rtl/ct_had_pcfifo.v    210     1000    Identifier ( WIDTH ) not declared in current scope
[B]      STX_VE_606    STX_VE_606    Syntax      ../rtl/ct_had_pcfifo.v    210     1000    Identifier ( WIDTH ) not declared in current scope
[C]      STX_VE_606    STX_VE_606    Syntax      ../rtl/ct_had_pcfifo.v    212     1000    Identifier ( WIDTH ) not declared in current scope
[D]      STX_VE_606    STX_VE_606    Syntax      ../rtl/ct_had_pcfifo.v    212     1000    Identifier ( WIDTH ) not declared in current scope
[E]      STX_VE_606    STX_VE_606    Syntax      ../rtl/ct_had_pcfifo.v    214     1000    Identifier ( WIDTH ) not declared in current scope
[F]      STX_VE_606    STX_VE_606    Syntax      ../rtl/ct_had_pcfifo.v    214     1000    Identifier ( WIDTH ) not declared in current scope
[10]     STX_VE_606    STX_VE_606    Syntax      ../rtl/ct_had_pcfifo.v    216     1000    Identifier ( WIDTH ) not declared in current scope
[11]     STX_VE_606    STX_VE_606    Syntax      ../rtl/ct_had_pcfifo.v    216     1000    Identifier ( WIDTH ) not declared in current scope
[12]     STX_VE_606    STX_VE_606    Syntax      ../rtl/ct_had_pcfifo.v    218     1000    Identifier ( WIDTH ) not declared in current scope
[13]     STX_VE_606    STX_VE_606    Syntax      ../rtl/ct_had_pcfifo.v    218     1000    Identifier ( WIDTH ) not declared in current scope
[14]     STX_VE_606    STX_VE_606    Syntax      ../rtl/ct_had_pcfifo.v    253     1000    Identifier ( WIDTH ) not declared in current scope
[15]     STX_VE_606    STX_VE_606    Syntax      ../rtl/ct_had_pcfifo.v    253     1000    Identifier ( WIDTH ) not declared in current scope
[16]     STX_VE_606    STX_VE_606    Syntax      ../rtl/ct_had_pcfifo.v    256     1000    Identifier ( WIDTH ) not declared in current scope
[17]     STX_VE_606    STX_VE_606    Syntax      ../rtl/ct_had_pcfifo.v    256     1000    Identifier ( WIDTH ) not declared in current scope
[18]     STX_VE_606    STX_VE_606    Syntax      ../rtl/ct_had_pcfifo.v    259     1000    Identifier ( WIDTH ) not declared in current scope
[19]     STX_VE_606    STX_VE_606    Syntax      ../rtl/ct_had_pcfifo.v    259     1000    Identifier ( WIDTH ) not declared in current scope
[1A]     STX_VE_606    STX_VE_606    Syntax      ../rtl/ct_had_pcfifo.v    262     1000    Identifier ( WIDTH ) not declared in current scope
[1B]     STX_VE_606    STX_VE_606    Syntax      ../rtl/ct_had_pcfifo.v    262     1000    Identifier ( WIDTH ) not declared in current scope
[1C]     STX_VE_606    STX_VE_606    Syntax      ../rtl/ct_had_pcfifo.v    262     1000    Identifier ( WIDTH ) not declared in current scope
[1D]     STX_VE_606    STX_VE_606    Syntax      ../rtl/ct_had_pcfifo.v    263     1000    Identifier ( WIDTH ) not declared in current scope
[1E]     STX_VE_606    STX_VE_606    Syntax      ../rtl/ct_had_pcfifo.v    263     1000    Identifier ( WIDTH ) not declared in current scope
[1F]     STX_VE_533    STX_VE_533    Syntax      ../rtl/ct_had_regs.v      408     1000    Used macro ( PA_WIDTH ) has not been defined. Trace: (None)
[20]     STX_VE_606    STX_VE_606    Syntax      ../rtl/ct_had_regs.v      569     1000    Identifier ( ADDRW ) not declared in current scope
[21]     STX_VE_606    STX_VE_606    Syntax      ../rtl/ct_had_regs.v      569     1000    Identifier ( ADDRW ) not declared in current scope
[22]     STX_VE_606    STX_VE_606    Syntax      ../rtl/ct_had_regs.v      569     1000    Identifier ( ADDRW ) not declared in current scope
[23]     STX_VE_606    STX_VE_606    Syntax      ../rtl/ct_had_regs.v      570     1000    Identifier ( ADDRW ) not declared in current scope
[24]     STX_VE_606    STX_VE_606    Syntax      ../rtl/ct_had_regs.v      570     1000    Identifier ( ADDRW ) not declared in current scope
[25]     STX_VE_606    STX_VE_606    Syntax      ../rtl/ct_had_regs.v      862     1000    Identifier ( ADDRW ) not declared in current scope
[26]     STX_VE_606    STX_VE_606    Syntax      ../rtl/ct_had_regs.v      862     1000    Identifier ( ADDRW ) not declared in current scope
[27]     STX_VE_606    STX_VE_606    Syntax      ../rtl/ct_had_regs.v      925     1000    Identifier ( ADDRW ) not declared in current scope
[28]     STX_VE_606    STX_VE_606    Syntax      ../rtl/ct_had_regs.v      925     1000    Identifier ( ADDRW ) not declared in current scope
[29]     STX_VE_606    STX_VE_606    Syntax      ../rtl/ct_had_regs.v      926     1000    Identifier ( ADDRW ) not declared in current scope
[2A]     STX_VE_606    STX_VE_606    Syntax      ../rtl/ct_had_regs.v      926     1000    Identifier ( ADDRW ) not declared in current scope
+++++++++++++++++++++++++++++++++++++++++++++++++++++++++++++++++++++++++++++++++++++++
