
################################################################################
#
# This file has been generated by SpyGlass:
#     Report Name      : no_msg_reporting_rules
#     Report Created by: ICer
#     Report Created on:  Thu Sep 29 15:00:24 2022
#     Working Directory: /home/ICer/CORE_RTL/C910_RTL_FACTORY/gen_rtl/had/spy
#     SpyGlass Version : SpyGlass_vL-2016.06
#     Policy Name      : SpyGlass(SpyGlass_vL-2016.06)
#
#     Total Number of Generated Messages :         43
#     Number of Waived Messages          :          0
#     Number of Reported Messages        :         43
#     Number of Overlimit Messages       :          0
#
#
################################################################################

NO VIOLATION RULE REPORT :
++++++++++++++++++++++++++++++++++++++++++++++++++++++++++++++++++++++++++++++++

Following rules did not produce any violation or waived off during spyglass run

++++++++++++++++++++++++++++++++++++++++++++++++++++++++++++++++++++++++++++++++


================================================================================
	INDEX                                   RULE-NAME
================================================================================
	1                                  ZeroSizeFile
================================================================================
