SpyGlass run started at 02:54:48  on 9 29 2022 

SpyGlass Predictive Analyzer(R) - Version SpyGlass_vL-2016.06
Last compiled on May 20 2016

All Rights Reserved. Use, disclosure or duplication
without prior written permission of Synopsys Inc. is prohibited.
Technical support: email spyglass_support@synopsys.com.


Running SpyGlass 64-bit Executable: /home/synopsys/SpyGlass-L2016.06/SPYGLASS_HOME/obj/check.Linux4

RULE-CHECKING IN MIXED MODE
Loading Policy: spyglass (Version: SpyGlass_vL-2016.06) from path: /home/synopsys/SpyGlass-L2016.06/SPYGLASS_HOME/policies/spyglass
Loading Shared library libspyglassrules-Linux4.spyso from /home/synopsys/SpyGlass-L2016.06/SPYGLASS_HOME/lib/libspyglassrules-Linux4.spyso 
Loading Shared library libsdcInitRules-Linux4.spyso from /home/synopsys/SpyGlass-L2016.06/SPYGLASS_HOME/lib/libsdcInitRules-Linux4.spyso 
Loading Shared library librmerules-Linux4.spyso from /home/synopsys/SpyGlass-L2016.06/SPYGLASS_HOME/lib/librmerules-Linux4.spyso 
##build_id : SpyGlass_vL-2016.06
##system   : Linux IC_EDA 3.10.0-1160.71.1.el7.x86_64 #1 SMP Tue Jun 28 15:37:28 UTC 2022 x86_64
##cwd      : /home/ICer/CORE_RTL/C910_RTL_FACTORY/gen_rtl/had/spy
##lang     : Verilog+VHDL
##args     : -mSpyGlass::Compatibility::v2_7_3 \
             -mSpyGlass::Compatibility::v2_7_3 \
             -mSpyGlass::Compatibility::v2_7_3 \
             -lib WORK ./spyglass-1/WORK \
             -nl \
             -policy='none' \
             -mixed \
             -batch \
             -wdir './spyglass-1/Design_Read' \
             -templatedir '/home/synopsys/SpyGlass-L2016.06/SPYGLASS_HOME/auxi/policy_data/spyglass/design_read' \
             --goal_info 'Design_Read@' \
             --template_info 'Design_Read' \
             -projectwdir './spyglass-1' \
             -64bit  \
             ../rtl/ct_had_bkpt.v \
             ../rtl/ct_had_common_dbg_info.v \
             ../rtl/ct_had_common_regs.v \
             ../rtl/ct_had_common_top.v \
             ../rtl/ct_had_ctrl.v \
             ../rtl/ct_had_dbg_info.v \
             ../rtl/ct_had_ddc_ctrl.v \
             ../rtl/ct_had_ddc_dp.v \
             ../rtl/ct_had_etm.v \
             ../rtl/ct_had_etm_if.v \
             ../rtl/ct_had_event.v \
             ../rtl/ct_had_io.v \
             ../rtl/ct_had_ir.v \
             ../rtl/ct_had_nirv_bkpt.v \
             ../rtl/ct_had_pcfifo.v \
             ../rtl/ct_had_private_ir.v \
             ../rtl/ct_had_private_top.v \
             ../rtl/ct_had_regs.v \
             ../rtl/ct_had_serial.v \
             ../rtl/ct_had_sm.v \
             ../rtl/ct_had_sync_3flop.v \
             ../rtl/ct_had_trace.v

##verbosity level   : 2
##exact cmdline arg : -batch -project spyglass-1.prj -designread  -64bit
##spyglass_run.csh begins :
;	cd /home/ICer/CORE_RTL/C910_RTL_FACTORY/gen_rtl/had/spy
;	setenv SPYGLASS_LD_PRELOAD /home/synopsys/SpyGlass-L2016.06/SPYGLASS_HOME/lib/libsgjemalloc-Linux4.so
;	setenv SPYGLASS_DW_PATH /home/synopsys/SpyGlass-L2016.06/SPYGLASS_HOME/dw_support
;	/home/synopsys/SpyGlass-L2016.06/SPYGLASS_HOME/bin/spyglass  -batch -project spyglass-1.prj -designread  -64bit
##spyglass_run.csh ends
##files    : ../rtl/ct_had_bkpt.v \
             ../rtl/ct_had_common_dbg_info.v \
             ../rtl/ct_had_common_regs.v \
             ../rtl/ct_had_common_top.v \
             ../rtl/ct_had_ctrl.v \
             ../rtl/ct_had_dbg_info.v \
             ../rtl/ct_had_ddc_ctrl.v \
             ../rtl/ct_had_ddc_dp.v \
             ../rtl/ct_had_etm.v \
             ../rtl/ct_had_etm_if.v \
             ../rtl/ct_had_event.v \
             ../rtl/ct_had_io.v \
             ../rtl/ct_had_ir.v \
             ../rtl/ct_had_nirv_bkpt.v \
             ../rtl/ct_had_pcfifo.v \
             ../rtl/ct_had_private_ir.v \
             ../rtl/ct_had_private_top.v \
             ../rtl/ct_had_regs.v \
             ../rtl/ct_had_serial.v \
             ../rtl/ct_had_sm.v \
             ../rtl/ct_had_sync_3flop.v \
             ../rtl/ct_had_trace.v


INFO [76]    Using `./spyglass-1/WORK/64' as the Work Directory for 64bit precompiled dump.
Checking Rule ZeroSizeFile (Rule 1 of total 103) .... done (Time = 0.00s, Memory = 0.0K)
Checking Rule PrecompileLibCheck01 (Rule 2 of total 103) .... done (Time = 0.00s, Memory = 0.0K)
Checking Rule PrecompileLibCheck02 (Rule 3 of total 103) .... done (Time = 0.00s, Memory = 0.0K)
Checking Rule PrecompileLibCheck03 (Rule 4 of total 103) .... done (Time = 0.00s, Memory = 1.6K)
Checking Rule PrecompileLibCheck04 (Rule 5 of total 103) .... done (Time = 0.00s, Memory = 6.0K)
Checking Rule SGDC_assume_path01 (Rule 6 of total 103) .... done (Time = 0.00s, Memory = 0.0K)
Checking Rule SGDC_sdcschema02 (Rule 7 of total 103) .... done (Time = 0.00s, Memory = 0.0K)
Checking Rule SGDC_clock05 (Rule 8 of total 103) .... done (Time = 0.00s, Memory = 0.0K)
Checking Rule SGDC_clock09 (Rule 9 of total 103) .... done (Time = 0.00s, Memory = 0.0K)
Checking Rule SGDC_force_ta05 (Rule 10 of total 103) .... done (Time = 0.00s, Memory = 0.0K)
Checking Rule SGDC_require_path03 (Rule 11 of total 103) .... done (Time = 0.00s, Memory = 0.0K)
Checking Rule SGDC_require_value03 (Rule 12 of total 103) .... done (Time = 0.00s, Memory = 0.0K)
Checking Rule SGDC_voltagedomain05 (Rule 13 of total 103) .... done (Time = 0.00s, Memory = 0.0K)
Checking Rule SGDC_voltagedomain06 (Rule 14 of total 103) .... done (Time = 0.00s, Memory = -2.0K)
Checking Rule SGDC_voltagedomain07 (Rule 15 of total 103) .... done (Time = 0.00s, Memory = 29.0K)
Checking Rule SGDC_powerdomainoutputs02 (Rule 16 of total 103) .... done (Time = 0.00s, Memory = -8.0K)
Checking Rule SGDC_supply01 (Rule 17 of total 103) .... done (Time = 0.00s, Memory = 0.0K)
Checking Rule SGDC_waive01 (Rule 18 of total 103) .... done (Time = 0.00s, Memory = -8.0K)
Checking Rule SGDC_waive02 (Rule 19 of total 103) .... done (Time = 0.00s, Memory = 0.0K)
Checking Rule SGDC_waive03 (Rule 20 of total 103) .... done (Time = 0.00s, Memory = 4.0K)
Checking Rule SGDC_waive04 (Rule 21 of total 103) .... done (Time = 0.00s, Memory = 0.0K)
Checking Rule SGDC_waive05 (Rule 22 of total 103) .... done (Time = 0.00s, Memory = 0.0K)
Checking Rule SGDC_waive06 (Rule 23 of total 103) .... done (Time = 0.00s, Memory = -0.3K)
Checking Rule SGDC_waive07 (Rule 24 of total 103) .... done (Time = 0.00s, Memory = -2.1K)
Checking Rule SGDC_waive08 (Rule 25 of total 103) .... done (Time = 0.00s, Memory = -4.9K)
Checking Rule SGDC_waive09 (Rule 26 of total 103) .... done (Time = 0.00s, Memory = -2.4K)
Checking Rule SGDC_waive10 (Rule 27 of total 103) .... done (Time = 0.00s, Memory = -3.1K)
Checking Rule SGDC_waive11 (Rule 28 of total 103) .... done (Time = 0.00s, Memory = 32.0K)
Checking Rule SGDC_waive12 (Rule 29 of total 103) .... done (Time = 0.00s, Memory = 0.0K)
Checking Rule SGDC_waive13 (Rule 30 of total 103) .... done (Time = 0.00s, Memory = 0.0K)
Checking Rule SGDC_waive21 (Rule 31 of total 103) .... done (Time = 0.00s, Memory = 0.0K)
Checking Rule SGDC_waive22 (Rule 32 of total 103) .... done (Time = 0.00s, Memory = 0.0K)
Checking Rule SGDC_waive30 (Rule 33 of total 103) .... done (Time = 0.00s, Memory = 0.0K)
Checking Rule SGDC_waive32 (Rule 34 of total 103) .... done (Time = 0.00s, Memory = 0.0K)
Checking Rule SGDC_waive33 (Rule 35 of total 103) .... done (Time = 0.00s, Memory = 0.0K)
Checking Rule SGDC_waive36 (Rule 36 of total 103) .... done (Time = 0.00s, Memory = 0.0K)
Checking Rule SGDC_waive38 (Rule 37 of total 103) .... done (Time = 0.00s, Memory = 0.0K)
Checking Rule SGDC_fifo01 (Rule 38 of total 103) .... done (Time = 0.00s, Memory = 2.8K)
Checking Rule SGDC_libgroup01 (Rule 39 of total 103) .... done (Time = 0.00s, Memory = 0.9K)
Checking Rule SGDC_libgroup02 (Rule 40 of total 103) .... done (Time = 0.00s, Memory = 0.0K)
Checking Rule SGDC_libgroup04 (Rule 41 of total 103) .... done (Time = 0.00s, Memory = 0.0K)
Checking Rule SGDC_power_data01 (Rule 42 of total 103) .... done (Time = 0.00s, Memory = 15.0K)
Checking Rule SGDC_ungroup01 (Rule 43 of total 103) .... done (Time = 0.00s, Memory = 0.0K)
Checking Rule SGDC_abstract_port06 (Rule 44 of total 103) .... done (Time = 0.00s, Memory = 47.0K)
Checking Rule SGDC_abstract_port14 (Rule 45 of total 103) .... done (Time = 0.00s, Memory = 0.0K)
Checking Rule SGDC_abstract_port15 (Rule 46 of total 103) .... done (Time = 0.00s, Memory = 16.0K)
Checking Rule SGDC_abstract_port18 (Rule 47 of total 103) .... done (Time = 0.00s, Memory = -8.0K)
Checking Rule sdc_init_rule (Rule 48 of total 103) .... done (Time = 0.00s, Memory = 80.6K)
Checking Rule CMD_ignorelibs01 (Rule 49 of total 103) .... done (Time = 0.00s, Memory = 0.0K)
Checking Rule ReportRuleNotRun (Rule 50 of total 103) .... done (Time = 0.00s, Memory = 0.0K)
Checking Rule ReportStopSummary (Rule 51 of total 103) .... done (Time = 0.00s, Memory = 0.0K)
Checking Rule ReportIgnoreSummary (Rule 52 of total 103) .... done (Time = 0.00s, Memory = 0.0K)
##SGDEBUG [BENCHMARK_ABSOLUTE]: Analysis started: 0 sec, 552832 KB, 2372168 KB
##SGDEBUG [BENCHMARK_INCR]: Analysis started: 0 sec, 552832 KB, 2372168 KB
 Analyzing source file "../rtl/ct_had_bkpt.v" ....
 Analyzing source file "../rtl/ct_had_common_dbg_info.v" ....
 Analyzing source file "../rtl/ct_had_common_regs.v" ....
 Analyzing source file "../rtl/ct_had_common_top.v" ....
 Analyzing source file "../rtl/ct_had_ctrl.v" ....
 Analyzing source file "../rtl/ct_had_dbg_info.v" ....
 Analyzing source file "../rtl/ct_had_ddc_ctrl.v" ....
 Analyzing source file "../rtl/ct_had_ddc_dp.v" ....
 STX_VE_533          -            -            Syntax                        
 STX_VE_606          -            -            Syntax                        
 Analyzing source file "../rtl/ct_had_etm.v" ....
 Analyzing source file "../rtl/ct_had_etm_if.v" ....
 Analyzing source file "../rtl/ct_had_event.v" ....
 Analyzing source file "../rtl/ct_had_io.v" ....
 Analyzing source file "../rtl/ct_had_ir.v" ....
 Analyzing source file "../rtl/ct_had_nirv_bkpt.v" ....
 Analyzing source file "../rtl/ct_had_pcfifo.v" ....
 STX_VE_533          -            -            Syntax                        
 STX_VE_606          -            -            Syntax                        
 STX_VE_606          -            -            Syntax                        
 STX_VE_606          -            -            Syntax                        
 STX_VE_606          -            -            Syntax                        
 STX_VE_606          -            -            Syntax                        
 STX_VE_606          -            -            Syntax                        
 STX_VE_606          -            -            Syntax                        
 STX_VE_606          -            -            Syntax                        
 STX_VE_606          -            -            Syntax                        
 STX_VE_606          -            -            Syntax                        
 STX_VE_606          -            -            Syntax                        
 STX_VE_606          -            -            Syntax                        
 STX_VE_606          -            -            Syntax                        
 STX_VE_606          -            -            Syntax                        
 STX_VE_606          -            -            Syntax                        
 STX_VE_606          -            -            Syntax                        
 STX_VE_606          -            -            Syntax                        
 STX_VE_606          -            -            Syntax                        
 STX_VE_606          -            -            Syntax                        
 STX_VE_606          -            -            Syntax                        
 STX_VE_606          -            -            Syntax                        
 STX_VE_606          -            -            Syntax                        
 STX_VE_606          -            -            Syntax                        
 STX_VE_606          -            -            Syntax                        
 STX_VE_606          -            -            Syntax                        
 STX_VE_606          -            -            Syntax                        
 STX_VE_606          -            -            Syntax                        
 STX_VE_606          -            -            Syntax                        
 Analyzing source file "../rtl/ct_had_private_ir.v" ....
 Analyzing source file "../rtl/ct_had_private_top.v" ....
 Analyzing source file "../rtl/ct_had_regs.v" ....
 STX_VE_533          -            -            Syntax                        
 STX_VE_606          -            -            Syntax                        
 STX_VE_606          -            -            Syntax                        
 STX_VE_606          -            -            Syntax                        
 STX_VE_606          -            -            Syntax                        
 STX_VE_606          -            -            Syntax                        
 STX_VE_606          -            -            Syntax                        
 STX_VE_606          -            -            Syntax                        
 STX_VE_606          -            -            Syntax                        
 STX_VE_606          -            -            Syntax                        
 STX_VE_606          -            -            Syntax                        
 STX_VE_606          -            -            Syntax                        
 Analyzing source file "../rtl/ct_had_serial.v" ....
 Analyzing source file "../rtl/ct_had_sm.v" ....
 Analyzing source file "../rtl/ct_had_sync_3flop.v" ....
 Analyzing source file "../rtl/ct_had_trace.v" ....
##SGDEBUG [BENCHMARK_ABSOLUTE]: Analysis finished: 1 sec, 552847 KB, 2372168 KB
##SGDEBUG [BENCHMARK_INCR]: Analysis finished: 1 sec, 15 KB, 0 KB
***Syntax Errors detected - RULE CHECKING ABORTED***
Checking Rule ReportCheckDataSummary (Rule 53 of total 103) .... done (Time = 0.00s, Memory = 0.0K)

SpyGlass Rule Checking ABORTED.

Generating data for Console...

Generating moresimple report from './spyglass-1/Design_Read/spyglass.vdb' to './spyglass-1/Design_Read/spyglass_reports/moresimple.rpt' ....

Generating runsummary report from './spyglass-1/Design_Read/spyglass.vdb' ....

Generating no_msg_reporting_rules report from './spyglass-1/Design_Read/spyglass.vdb' to './spyglass-1/Design_Read/spyglass_reports/no_msg_reporting_rules.rpt' ....

Policy specific data (reports) are present in the directory './spyglass-1/Design_Read/spyglass_reports'.

SpyGlass critical reports for the current run are present in directory './spyglass-1/consolidated_reports/Design_Read/'.
##SGDEBUG [PEAK_MEMORY]: 2372168 KB for entire run at 'Analysis started' stage
##SGDEBUG [VMPEAK_MEMORY]: 2373148 KB for entire run
##SGDEBUG [BENCHMARK_ABSOLUTE]: Rule checking aborted: 1 sec, 553566 KB, 2372136 KB
##SGDEBUG [BENCHMARK_INCR]: Rule checking aborted: 0 sec, 719 KB, -32 KB


=====================================================================================
							Rule Parameter Table
=====================================================================================

	PARAMETER-NAME                                     VALUE
-------------------------------------------------------------------------------------
	-allow_clock_on_output_port                        no
	-check_clock_group_violations                      no
	-debug_proc                                        no
	-force_genclk_for_txv                              no
	-library_gen_clock_naming                          yes
	-netlist_clock_polarity                            yes
	-populate_comboelements_for_minmax_in_fromto       no
	-preserve_path                                     no
	-pt                                                no
	-show_all_sdc_violations                           no
	-show_sdc_progress                                 no
	-suppress_sdc_violation_in_abstract                no
	-tc_disable_caching                                no
	-tc_stop_parsing_ignored_commands                  no
	-truncate_through                                  yes
	-write_sdc                                         no
=====================================================================================



=====================================================================================
                               Rule Status Table

 RULE-NAME                      POLICY-NAME     ENABLED VIOL-CNT RULE-TYPE   ERROR-MSG         
=====================================================================================
 STX_VE_606           (Verilog) SpyGlass        Yes           40 SETUP          -               
 STX_VE_533           (Verilog) SpyGlass        Yes            3 SETUP          -               
-------------------------------------------------------------------------------------
Note: VSDU type of rules (as seen in the above table) are not run on
      unsynthesized modules reported by 'ErrorAnalyzeBBox/InfoAnalyzeBBox' messages
      (Please see messages starting with keyword 'UnsynthesizedDU')

##status : SpyGlass Rule Checking Aborted.

---------------------------------------------------------------------------------------------
Results Summary:
---------------------------------------------------------------------------------------------
   Goal Run           :      Design_Read
** Design Read        :     43 fatals,     0 error,        0 warning,      0 information message 
   -------------------------------------------------------------------------------------
** Total              :     43 fatals,     0 error,        0 warning,      0 information message 

  Total Number of Generated Messages     :        43 (43 fatals, 0 error, 0 warning, 0 Info)
  Number of Reported Messages            :        43 (43 fatals, 0 error, 0 warning, 0 Info)

  NOTE: It is recommended to first fix/reconcile fatals/errors reported on
        lines starting with ** as subsequent issues might be related to it.
        Please re-run SpyGlass once ** prefixed lines are fatal/error clean.

---------------------------------------------------------------------------------------------

First 10 FATAL message(s) generated in current run are -

Rule         Severity   File                     Line   Message
-------------------------------------------------------------------------
STX_VE_533   Syntax     ../rtl/ct_had_ddc_dp.v   72     Used macro ( PA_WIDTH ) has not been defined. Trace: (None)
STX_VE_606   Syntax     ../rtl/ct_had_ddc_dp.v   101    Identifier ( ADDRW ) not declared in current scope
STX_VE_533   Syntax     ../rtl/ct_had_pcfifo.v   111    Used macro ( PA_WIDTH ) has not been defined. Trace: (None)
STX_VE_606   Syntax     ../rtl/ct_had_pcfifo.v   146    Identifier ( WIDTH ) not declared in current scope
STX_VE_606   Syntax     ../rtl/ct_had_pcfifo.v   152    Identifier ( WIDTH ) not declared in current scope
STX_VE_606   Syntax     ../rtl/ct_had_pcfifo.v   158    Identifier ( WIDTH ) not declared in current scope
STX_VE_606   Syntax     ../rtl/ct_had_pcfifo.v   164    Identifier ( WIDTH ) not declared in current scope
STX_VE_606   Syntax     ../rtl/ct_had_pcfifo.v   201    Identifier ( WIDTH ) not declared in current scope
STX_VE_606   Syntax     ../rtl/ct_had_pcfifo.v   208    Identifier ( WIDTH ) not declared in current scope
STX_VE_606   Syntax     ../rtl/ct_had_pcfifo.v   208    Identifier ( WIDTH ) not declared in current scope

Please refer ./spyglass-1/Design_Read/spyglass_reports directory for SpyGlass reports, or use SpyGlass GUI to see all FATAL messages.

FATAL : Rule-checking aborted - design syntax error
SpyGlass Exit Code 6 (Rule-checking terminated due to FATAL errors - design syntax error)
SpyGlass total run-time is 0:0:1 (1 secs)
SpyGlass run completed at 03:00:25 PM on Sep 29 2022
