
################################################################################
#
# This file has been generated by SpyGlass:
#     Report Name      : moresimple
#     Report Created by: ICer
#     Report Created on:  Thu Sep 29 14:48:54 2022
#     Working Directory: /home/ICer/CORE_RTL/C910_RTL_FACTORY/gen_rtl/iu/spy
#     SpyGlass Version : SpyGlass_vL-2016.06
#     Policy Name      : SpyGlass(SpyGlass_vL-2016.06)
#
#     Total Number of Generated Messages :          9
#     Number of Waived Messages          :          0
#     Number of Reported Messages        :          9
#     Number of Overlimit Messages       :          0
#
#
################################################################################

+++++++++++++++++++++++++++++++++++++++++++++++++++++++++++++++++++++++
MORESIMPLE REPORT:


############### BuiltIn -> RuleGroup=Blackbox Resolution ###############
+++++++++++++++++++++++++++++++++++++++++++++++++++++++++++++++++++++++++++++++++++++++
ID       Rule                Alias               Severity    File                              Line    Wt    Message
======================================================================================
[7]      ErrorAnalyzeBBox    ErrorAnalyzeBBox    Error       ../rtl/ct_iu_alu.v                269     10    Design Unit 'gated_clk_cell' has no definition; black-box behavior assumed
[2]      ErrorAnalyzeBBox    ErrorAnalyzeBBox    Error       ../rtl/ct_iu_bju.v                497     10    Design Unit 'ct_rtu_compare_iid' has no definition; black-box behavior assumed
[3]      ErrorAnalyzeBBox    ErrorAnalyzeBBox    Error       ../rtl/ct_iu_bju_pcfifo.v         2044    10    Design Unit 'ct_rtu_encode_32' has no definition; black-box behavior assumed
[4]      ErrorAnalyzeBBox    ErrorAnalyzeBBox    Error       ../rtl/ct_iu_bju_pcfifo.v         2220    10    Design Unit 'ct_rtu_expand_32' has no definition; black-box behavior assumed
[6]      ErrorAnalyzeBBox    ErrorAnalyzeBBox    Error       ../rtl/ct_iu_div_srt_radix16.v    173     10    Design Unit 'ct_vfdsu_srt_radix16_only_div' has no definition; black-box behavior assumed
[8]      ErrorAnalyzeBBox    ErrorAnalyzeBBox    Error       ../rtl/ct_iu_mult.v               618     10    Design Unit 'multiplier_65x65_3_stage' has no definition; black-box behavior assumed
[5]      ErrorAnalyzeBBox    ErrorAnalyzeBBox    Error       ../rtl/ct_iu_rbus.v               409     10    Design Unit 'ct_rtu_expand_96' has no definition; black-box behavior assumed
+++++++++++++++++++++++++++++++++++++++++++++++++++++++++++++++++++++++++++++++++++++++


############### BuiltIn -> RuleGroup=Design Read ###############
+++++++++++++++++++++++++++++++++++++++++++++++++++++++++++++++++++++++++++++++++++++++
ID       Rule                    Alias                   Severity    File                                                                   Line    Wt    Message
======================================================================================
[1]      DetectTopDesignUnits    DetectTopDesignUnits    Info        ../rtl/ct_iu_top.v                                                     17      2     Module ct_iu_top is a top level design unit
[0]      ElabSummary             ElabSummary             Info        ./spyglass-1/Design_Read/spyglass_reports/SpyGlass/elab_summary.rpt    0       2     Please refer file './spyglass-1/Design_Read/spyglass_reports/SpyGlass/elab_summary.rpt' for elab summary report
+++++++++++++++++++++++++++++++++++++++++++++++++++++++++++++++++++++++++++++++++++++++
