read_file: info: using default project `spyglass-1.prj'
../rtl/ct_had_bkpt.v ../rtl/ct_had_common_dbg_info.v ../rtl/ct_had_common_regs.v ../rtl/ct_had_common_top.v ../rtl/ct_had_ctrl.v ../rtl/ct_had_dbg_info.v ../rtl/ct_had_ddc_ctrl.v ../rtl/ct_had_ddc_dp.v ../rtl/ct_had_etm.v ../rtl/ct_had_etm_if.v ../rtl/ct_had_event.v ../rtl/ct_had_io.v ../rtl/ct_had_ir.v ../rtl/ct_had_nirv_bkpt.v ../rtl/ct_had_pcfifo.v ../rtl/ct_had_private_ir.v ../rtl/ct_had_private_top.v ../rtl/ct_had_regs.v ../rtl/ct_had_serial.v ../rtl/ct_had_sm.v ../rtl/ct_had_sync_3flop.v ../rtl/ct_had_trace.vcurrent_goal: info: loading goal `Design_Read' (in progress)
current_goal: info: finished loading goal `Design_Read' (ok)

INFO:    SpyGlass will run goal(s) 'Design_Read'.


RULE-CHECKING IN MIXED MODE
Loading spyglass (SpyGlass_vL-2016.06) ... (picked from /home/synopsys/SpyGlass-L2016.06/SPYGLASS_HOME/policies/spyglass)

INFO [6]    Work Directory `./spyglass-1/WORK' does not exist.

INFO [75]    Creating the Work Directory `./spyglass-1/WORK/64' for 64bit  precompiled dump.
Checking Rule ZeroSizeFile (Rule 1 of total 103) .... done (Time = 0.00s, Memory = 32.0K)
Checking Rule PrecompileLibCheck01 (Rule 2 of total 103) .... done (Time = 0.00s, Memory = 0.0K)
Checking Rule PrecompileLibCheck02 (Rule 3 of total 103) .... done (Time = 0.00s, Memory = 6.8K)
Checking Rule PrecompileLibCheck03 (Rule 4 of total 103) .... done (Time = 0.00s, Memory = 63.0K)
Checking Rule PrecompileLibCheck04 (Rule 5 of total 103) .... done (Time = 0.00s, Memory = 6.5K)
Checking Rule SGDC_assume_path01 (Rule 6 of total 103) .... done (Time = 0.00s, Memory = -0.6K)
Checking Rule SGDC_sdcschema02 (Rule 7 of total 103) .... done (Time = 0.00s, Memory = -32.0K)
Checking Rule SGDC_clock05 (Rule 8 of total 103) .... done (Time = 0.00s, Memory = 24.0K)
Checking Rule SGDC_clock09 (Rule 9 of total 103) .... done (Time = 0.00s, Memory = 0.0K)
Checking Rule SGDC_force_ta05 (Rule 10 of total 103) .... done (Time = 0.00s, Memory = -2.0K)
Checking Rule SGDC_require_path03 (Rule 11 of total 103) .... done (Time = 0.00s, Memory = 0.0K)
Checking Rule SGDC_require_value03 (Rule 12 of total 103) .... done (Time = 0.00s, Memory = 0.0K)
Checking Rule SGDC_voltagedomain05 (Rule 13 of total 103) .... done (Time = 0.00s, Memory = 0.0K)
Checking Rule SGDC_voltagedomain06 (Rule 14 of total 103) .... done (Time = 0.00s, Memory = 0.0K)
Checking Rule SGDC_voltagedomain07 (Rule 15 of total 103) .... done (Time = 0.00s, Memory = 15.0K)
Checking Rule SGDC_powerdomainoutputs02 (Rule 16 of total 103) .... done (Time = 0.00s, Memory = 0.8K)
Checking Rule SGDC_supply01 (Rule 17 of total 103) .... done (Time = 0.00s, Memory = 8.0K)
Checking Rule SGDC_waive01 (Rule 18 of total 103) .... done (Time = 0.00s, Memory = 0.0K)
Checking Rule SGDC_waive02 (Rule 19 of total 103) .... done (Time = 0.00s, Memory = 0.0K)
Checking Rule SGDC_waive03 (Rule 20 of total 103) .... done (Time = 0.00s, Memory = 0.0K)
Checking Rule SGDC_waive04 (Rule 21 of total 103) .... done (Time = 0.00s, Memory = 0.0K)
Checking Rule SGDC_waive05 (Rule 22 of total 103) .... done (Time = 0.00s, Memory = 4.0K)
Checking Rule SGDC_waive06 (Rule 23 of total 103) .... done (Time = 0.00s, Memory = 0.0K)
Checking Rule SGDC_waive07 (Rule 24 of total 103) .... done (Time = 0.00s, Memory = 0.0K)
Checking Rule SGDC_waive08 (Rule 25 of total 103) .... done (Time = 0.00s, Memory = 0.0K)
Checking Rule SGDC_waive09 (Rule 26 of total 103) .... done (Time = 0.00s, Memory = 0.0K)
Checking Rule SGDC_waive10 (Rule 27 of total 103) .... done (Time = 0.00s, Memory = 34.0K)
Checking Rule SGDC_waive11 (Rule 28 of total 103) .... done (Time = 0.00s, Memory = 0.0K)
Checking Rule SGDC_waive12 (Rule 29 of total 103) .... done (Time = 0.00s, Memory = 8.0K)
Checking Rule SGDC_waive13 (Rule 30 of total 103) .... done (Time = 0.00s, Memory = -8.0K)
Checking Rule SGDC_waive21 (Rule 31 of total 103) .... done (Time = 0.00s, Memory = 0.0K)
Checking Rule SGDC_waive22 (Rule 32 of total 103) .... done (Time = 0.00s, Memory = 0.0K)
Checking Rule SGDC_waive30 (Rule 33 of total 103) .... done (Time = 0.00s, Memory = 0.4K)
Checking Rule SGDC_waive32 (Rule 34 of total 103) .... done (Time = 0.00s, Memory = 0.0K)
Checking Rule SGDC_waive33 (Rule 35 of total 103) .... done (Time = 0.00s, Memory = 2.3K)
Checking Rule SGDC_waive36 (Rule 36 of total 103) .... done (Time = 0.00s, Memory = 8.0K)
Checking Rule SGDC_waive38 (Rule 37 of total 103) .... done (Time = 0.00s, Memory = 2.8K)
Checking Rule SGDC_fifo01 (Rule 38 of total 103) .... done (Time = 0.00s, Memory = 0.1K)
Checking Rule SGDC_libgroup01 (Rule 39 of total 103) .... done (Time = 0.00s, Memory = 30.2K)
Checking Rule SGDC_libgroup02 (Rule 40 of total 103) .... done (Time = 0.00s, Memory = -32.8K)
Checking Rule SGDC_libgroup04 (Rule 41 of total 103) .... done (Time = 0.00s, Memory = 8.0K)
Checking Rule SGDC_power_data01 (Rule 42 of total 103) .... done (Time = 0.00s, Memory = 32.5K)
Checking Rule SGDC_ungroup01 (Rule 43 of total 103) .... done (Time = 0.00s, Memory = 0.5K)
Checking Rule SGDC_abstract_port06 (Rule 44 of total 103) .... done (Time = 0.00s, Memory = 0.0K)
Checking Rule SGDC_abstract_port14 (Rule 45 of total 103) .... done (Time = 0.00s, Memory = 0.0K)
Checking Rule SGDC_abstract_port15 (Rule 46 of total 103) .... done (Time = 0.00s, Memory = 48.0K)
Checking Rule SGDC_abstract_port18 (Rule 47 of total 103) .... done (Time = 0.00s, Memory = -32.0K)
Checking Rule sdc_init_rule (Rule 48 of total 103) .... done (Time = 0.00s, Memory = 80.0K)
Checking Rule CMD_ignorelibs01 (Rule 49 of total 103) .... done (Time = 0.00s, Memory = 0.0K)
Checking Rule ReportRuleNotRun (Rule 50 of total 103) .... done (Time = 0.00s, Memory = 0.0K)
Checking Rule ReportStopSummary (Rule 51 of total 103) .... done (Time = 0.00s, Memory = 0.0K)
Checking Rule ReportIgnoreSummary (Rule 52 of total 103) .... done (Time = 0.00s, Memory = 0.0K)
 Analyzing source file "../rtl/ct_had_bkpt.v" ....
 Analyzing source file "../rtl/ct_had_common_dbg_info.v" ....
 Analyzing source file "../rtl/ct_had_common_regs.v" ....
 Analyzing source file "../rtl/ct_had_common_top.v" ....
 Analyzing source file "../rtl/ct_had_ctrl.v" ....
 Analyzing source file "../rtl/ct_had_dbg_info.v" ....
 Analyzing source file "../rtl/ct_had_ddc_ctrl.v" ....
 Analyzing source file "../rtl/ct_had_ddc_dp.v" ....
 Analyzing source file "../rtl/ct_had_etm.v" ....
 Analyzing source file "../rtl/ct_had_etm_if.v" ....
 Analyzing source file "../rtl/ct_had_event.v" ....
 Analyzing source file "../rtl/ct_had_io.v" ....
 Analyzing source file "../rtl/ct_had_ir.v" ....
 Analyzing source file "../rtl/ct_had_nirv_bkpt.v" ....
 Analyzing source file "../rtl/ct_had_pcfifo.v" ....
 Analyzing source file "../rtl/ct_had_private_ir.v" ....
 Analyzing source file "../rtl/ct_had_private_top.v" ....
 Analyzing source file "../rtl/ct_had_regs.v" ....
 Analyzing source file "../rtl/ct_had_serial.v" ....
 Analyzing source file "../rtl/ct_had_sm.v" ....
 Analyzing source file "../rtl/ct_had_sync_3flop.v" ....
 Analyzing source file "../rtl/ct_had_trace.v" ....
***Syntax Errors detected - RULE CHECKING ABORTED***
Checking Rule ReportCheckDataSummary (Rule 53 of total 103) .... done (Time = 0.00s, Memory = 0.0K)

SpyGlass Rule Checking ABORTED.

Generating data for Console...

Generating moresimple report from './spyglass-1/Design_Read/spyglass.vdb' to './spyglass-1/Design_Read/spyglass_reports/moresimple.rpt' ....

Generating runsummary report from './spyglass-1/Design_Read/spyglass.vdb' ....

Generating no_msg_reporting_rules report from './spyglass-1/Design_Read/spyglass.vdb' to './spyglass-1/Design_Read/spyglass_reports/no_msg_reporting_rules.rpt' ....

Policy specific data (reports) are present in the directory './spyglass-1/Design_Read/spyglass_reports'.

SpyGlass critical reports for the current run are present in directory './spyglass-1/consolidated_reports/Design_Read/'.

---------------------------------------------------------------------------------------------
Results Summary:
---------------------------------------------------------------------------------------------
   Goal Run           :      Design_Read
** Design Read        :     69 fatals,     0 error,        0 warning,      0 information message 
   -------------------------------------------------------------------------------------
** Total              :     69 fatals,     0 error,        0 warning,      0 information message 

  Total Number of Generated Messages     :        69 (69 fatals, 0 error, 0 warning, 0 Info)
  Number of Reported Messages            :        69 (69 fatals, 0 error, 0 warning, 0 Info)

  NOTE: It is recommended to first fix/reconcile fatals/errors reported on
        lines starting with ** as subsequent issues might be related to it.
        Please re-run SpyGlass once ** prefixed lines are fatal/error clean.

---------------------------------------------------------------------------------------------

First 10 FATAL message(s) generated in current run are -

Rule         Severity   File                     Line   Message
-------------------------------------------------------------------------
STX_VE_533   Syntax     ../rtl/ct_had_ddc_dp.v   72     Used macro ( PA_WIDTH ) has not been defined. Trace: (None)
STX_VE_606   Syntax     ../rtl/ct_had_ddc_dp.v   101    Identifier ( ADDRW ) not declared in current scope
STX_VE_533   Syntax     ../rtl/ct_had_pcfifo.v   111    Used macro ( PA_WIDTH ) has not been defined. Trace: (None)
STX_VE_394   Syntax     ../rtl/ct_had_pcfifo.v   136    Invalid reference to memory ( chgflow_valid )
STX_VE_394   Syntax     ../rtl/ct_had_pcfifo.v   138    Invalid reference to memory ( chgflow_valid )
STX_VE_394   Syntax     ../rtl/ct_had_pcfifo.v   140    Invalid reference to memory ( chgflow_valid )
STX_VE_606   Syntax     ../rtl/ct_had_pcfifo.v   146    Identifier ( WIDTH ) not declared in current scope
STX_VE_606   Syntax     ../rtl/ct_had_pcfifo.v   152    Identifier ( WIDTH ) not declared in current scope
STX_VE_606   Syntax     ../rtl/ct_had_pcfifo.v   158    Identifier ( WIDTH ) not declared in current scope
STX_VE_606   Syntax     ../rtl/ct_had_pcfifo.v   164    Identifier ( WIDTH ) not declared in current scope

Please refer ./spyglass-1/Design_Read/spyglass_reports directory for SpyGlass reports, or use SpyGlass GUI to see all FATAL messages.
run_goal: info: updating spyglass.log with goal summary
---------------------------------------------------------------------------------------------------
Results Summary:
---------------------------------------------------------------------------------------------------
   Goal Run           :      Design_Read
   Top Module         :      
---------------------------------------------------------------------------------------------------
   Reports Directory: 
   /home/ICer/CORE_RTL/C910_RTL_FACTORY/gen_rtl/had/spy/spyglass-1/consolidated_reports/Design_Read/ 

   SpyGlass LogFile: 
    /home/ICer/CORE_RTL/C910_RTL_FACTORY/gen_rtl/had/spy/spyglass-1/Design_Read/spyglass.log 

   Standard Reports: 
     moresimple.rpt          no_msg_reporting_rules.rpt       

   HTML report:
    /home/ICer/CORE_RTL/C910_RTL_FACTORY/gen_rtl/had/spy/spyglass-1/html_reports/goals_summary.html
  

   Technology Reports:  
     <Not Available>
   
   
---------------------------------------------------------------------------------------------------
   Goal Violation Summary:
       Waived   Messages:                      0 Errors,      0 Warnings,      0 Infos
       Reported Messages:        69 Fatals,    0 Errors,      0 Warnings,      0 Infos
---------------------------------------------------------------------------------------------------
   
---------------------------------------------------------------------------------------------------
 
run_goal: info: spyglass.log successfully updated with goal summary
6 {Rule-checking terminated due to FATAL errors - design syntax error}
INFO:    SpyGlass will run goal(s) 'Design_Read'.


RULE-CHECKING IN MIXED MODE
Loading spyglass (SpyGlass_vL-2016.06) ... (picked from /home/synopsys/SpyGlass-L2016.06/SPYGLASS_HOME/policies/spyglass)

INFO [76]    Using `./spyglass-1/WORK/64' as the Work Directory for 64bit precompiled dump.
Checking Rule ZeroSizeFile (Rule 1 of total 103) .... done (Time = 0.00s, Memory = 0.0K)
Checking Rule PrecompileLibCheck01 (Rule 2 of total 103) .... done (Time = 0.00s, Memory = 0.0K)
Checking Rule PrecompileLibCheck02 (Rule 3 of total 103) .... done (Time = 0.00s, Memory = 0.0K)
Checking Rule PrecompileLibCheck03 (Rule 4 of total 103) .... done (Time = 0.00s, Memory = 0.0K)
Checking Rule PrecompileLibCheck04 (Rule 5 of total 103) .... done (Time = 0.00s, Memory = 0.6K)
Checking Rule SGDC_assume_path01 (Rule 6 of total 103) .... done (Time = 0.00s, Memory = 0.0K)
Checking Rule SGDC_sdcschema02 (Rule 7 of total 103) .... done (Time = 0.00s, Memory = 0.0K)
Checking Rule SGDC_clock05 (Rule 8 of total 103) .... done (Time = 0.00s, Memory = 0.0K)
Checking Rule SGDC_clock09 (Rule 9 of total 103) .... done (Time = 0.00s, Memory = 0.0K)
Checking Rule SGDC_force_ta05 (Rule 10 of total 103) .... done (Time = 0.00s, Memory = 0.0K)
Checking Rule SGDC_require_path03 (Rule 11 of total 103) .... done (Time = 0.00s, Memory = 0.0K)
Checking Rule SGDC_require_value03 (Rule 12 of total 103) .... done (Time = 0.00s, Memory = 0.0K)
Checking Rule SGDC_voltagedomain05 (Rule 13 of total 103) .... done (Time = 0.00s, Memory = 0.0K)
Checking Rule SGDC_voltagedomain06 (Rule 14 of total 103) .... done (Time = 0.00s, Memory = 0.0K)
Checking Rule SGDC_voltagedomain07 (Rule 15 of total 103) .... done (Time = 0.00s, Memory = 15.0K)
Checking Rule SGDC_powerdomainoutputs02 (Rule 16 of total 103) .... done (Time = 0.00s, Memory = 0.0K)
Checking Rule SGDC_supply01 (Rule 17 of total 103) .... done (Time = 0.00s, Memory = 8.0K)
Checking Rule SGDC_waive01 (Rule 18 of total 103) .... done (Time = 0.00s, Memory = 0.0K)
Checking Rule SGDC_waive02 (Rule 19 of total 103) .... done (Time = 0.00s, Memory = 63.0K)
Checking Rule SGDC_waive03 (Rule 20 of total 103) .... done (Time = 0.00s, Memory = 0.0K)
Checking Rule SGDC_waive04 (Rule 21 of total 103) .... done (Time = 0.00s, Memory = 0.0K)
Checking Rule SGDC_waive05 (Rule 22 of total 103) .... done (Time = 0.00s, Memory = -8.0K)
Checking Rule SGDC_waive06 (Rule 23 of total 103) .... done (Time = 0.00s, Memory = -8.0K)
Checking Rule SGDC_waive07 (Rule 24 of total 103) .... done (Time = 0.00s, Memory = 0.0K)
Checking Rule SGDC_waive08 (Rule 25 of total 103) .... done (Time = 0.00s, Memory = 36.0K)
Checking Rule SGDC_waive09 (Rule 26 of total 103) .... done (Time = 0.00s, Memory = 10.0K)
Checking Rule SGDC_waive10 (Rule 27 of total 103) .... done (Time = 0.00s, Memory = 1.4K)
Checking Rule SGDC_waive11 (Rule 28 of total 103) .... done (Time = 0.00s, Memory = 0.0K)
Checking Rule SGDC_waive12 (Rule 29 of total 103) .... done (Time = 0.00s, Memory = 0.0K)
Checking Rule SGDC_waive13 (Rule 30 of total 103) .... done (Time = 0.00s, Memory = 0.0K)
Checking Rule SGDC_waive21 (Rule 31 of total 103) .... done (Time = 0.00s, Memory = -0.2K)
Checking Rule SGDC_waive22 (Rule 32 of total 103) .... done (Time = 0.00s, Memory = -1.8K)
Checking Rule SGDC_waive30 (Rule 33 of total 103) .... done (Time = 0.00s, Memory = 0.0K)
Checking Rule SGDC_waive32 (Rule 34 of total 103) .... done (Time = 0.00s, Memory = 0.0K)
Checking Rule SGDC_waive33 (Rule 35 of total 103) .... done (Time = 0.00s, Memory = 0.0K)
Checking Rule SGDC_waive36 (Rule 36 of total 103) .... done (Time = 0.00s, Memory = 0.0K)
Checking Rule SGDC_waive38 (Rule 37 of total 103) .... done (Time = 0.00s, Memory = 0.0K)
Checking Rule SGDC_fifo01 (Rule 38 of total 103) .... done (Time = 0.00s, Memory = 4.7K)
Checking Rule SGDC_libgroup01 (Rule 39 of total 103) .... done (Time = 0.00s, Memory = 0.0K)
Checking Rule SGDC_libgroup02 (Rule 40 of total 103) .... done (Time = 0.00s, Memory = 0.0K)
Checking Rule SGDC_libgroup04 (Rule 41 of total 103) .... done (Time = 0.00s, Memory = 0.0K)
Checking Rule SGDC_power_data01 (Rule 42 of total 103) .... done (Time = 0.00s, Memory = 32.5K)
Checking Rule SGDC_ungroup01 (Rule 43 of total 103) .... done (Time = 0.00s, Memory = 0.0K)
Checking Rule SGDC_abstract_port06 (Rule 44 of total 103) .... done (Time = 0.00s, Memory = 0.0K)
Checking Rule SGDC_abstract_port14 (Rule 45 of total 103) .... done (Time = 0.00s, Memory = 0.0K)
Checking Rule SGDC_abstract_port15 (Rule 46 of total 103) .... done (Time = 0.00s, Memory = 16.0K)
Checking Rule SGDC_abstract_port18 (Rule 47 of total 103) .... done (Time = 0.00s, Memory = 0.0K)
Checking Rule sdc_init_rule (Rule 48 of total 103) .... done (Time = 0.00s, Memory = 80.0K)
Checking Rule CMD_ignorelibs01 (Rule 49 of total 103) .... done (Time = 0.00s, Memory = 0.0K)
Checking Rule ReportRuleNotRun (Rule 50 of total 103) .... done (Time = 0.00s, Memory = 0.0K)
Checking Rule ReportStopSummary (Rule 51 of total 103) .... done (Time = 0.00s, Memory = 0.0K)
Checking Rule ReportIgnoreSummary (Rule 52 of total 103) .... done (Time = 0.00s, Memory = 0.0K)
 Analyzing source file "../rtl/ct_had_bkpt.v" ....
 Analyzing source file "../rtl/ct_had_common_dbg_info.v" ....
 Analyzing source file "../rtl/ct_had_common_regs.v" ....
 Analyzing source file "../rtl/ct_had_common_top.v" ....
 Analyzing source file "../rtl/ct_had_ctrl.v" ....
 Analyzing source file "../rtl/ct_had_dbg_info.v" ....
 Analyzing source file "../rtl/ct_had_ddc_ctrl.v" ....
 Analyzing source file "../rtl/ct_had_ddc_dp.v" ....
 Analyzing source file "../rtl/ct_had_etm.v" ....
 Analyzing source file "../rtl/ct_had_etm_if.v" ....
 Analyzing source file "../rtl/ct_had_event.v" ....
 Analyzing source file "../rtl/ct_had_io.v" ....
 Analyzing source file "../rtl/ct_had_ir.v" ....
 Analyzing source file "../rtl/ct_had_nirv_bkpt.v" ....
 Analyzing source file "../rtl/ct_had_pcfifo.v" ....
 Analyzing source file "../rtl/ct_had_private_ir.v" ....
 Analyzing source file "../rtl/ct_had_private_top.v" ....
 Analyzing source file "../rtl/ct_had_regs.v" ....
 Analyzing source file "../rtl/ct_had_serial.v" ....
 Analyzing source file "../rtl/ct_had_sm.v" ....
 Analyzing source file "../rtl/ct_had_sync_3flop.v" ....
 Analyzing source file "../rtl/ct_had_trace.v" ....
***Syntax Errors detected - RULE CHECKING ABORTED***
Checking Rule ReportCheckDataSummary (Rule 53 of total 103) .... done (Time = 0.00s, Memory = 0.0K)

SpyGlass Rule Checking ABORTED.

Generating data for Console...

Generating moresimple report from './spyglass-1/Design_Read/spyglass.vdb' to './spyglass-1/Design_Read/spyglass_reports/moresimple.rpt' ....

Generating runsummary report from './spyglass-1/Design_Read/spyglass.vdb' ....

Generating no_msg_reporting_rules report from './spyglass-1/Design_Read/spyglass.vdb' to './spyglass-1/Design_Read/spyglass_reports/no_msg_reporting_rules.rpt' ....

Policy specific data (reports) are present in the directory './spyglass-1/Design_Read/spyglass_reports'.

SpyGlass critical reports for the current run are present in directory './spyglass-1/consolidated_reports/Design_Read/'.

---------------------------------------------------------------------------------------------
Results Summary:
---------------------------------------------------------------------------------------------
   Goal Run           :      Design_Read
** Design Read        :     68 fatals,     0 error,        0 warning,      0 information message 
   -------------------------------------------------------------------------------------
** Total              :     68 fatals,     0 error,        0 warning,      0 information message 

  Total Number of Generated Messages     :        68 (68 fatals, 0 error, 0 warning, 0 Info)
  Number of Reported Messages            :        68 (68 fatals, 0 error, 0 warning, 0 Info)

  NOTE: It is recommended to first fix/reconcile fatals/errors reported on
        lines starting with ** as subsequent issues might be related to it.
        Please re-run SpyGlass once ** prefixed lines are fatal/error clean.

---------------------------------------------------------------------------------------------

First 10 FATAL message(s) generated in current run are -

Rule         Severity   File                     Line   Message
-------------------------------------------------------------------------
STX_VE_533   Syntax     ../rtl/ct_had_ddc_dp.v   72     Used macro ( PA_WIDTH ) has not been defined. Trace: (None)
STX_VE_606   Syntax     ../rtl/ct_had_ddc_dp.v   101    Identifier ( ADDRW ) not declared in current scope
STX_VE_533   Syntax     ../rtl/ct_had_pcfifo.v   111    Used macro ( PA_WIDTH ) has not been defined. Trace: (None)
STX_VE_394   Syntax     ../rtl/ct_had_pcfifo.v   136    Invalid reference to memory ( chgflow_valid )
STX_VE_394   Syntax     ../rtl/ct_had_pcfifo.v   138    Invalid reference to memory ( chgflow_valid )
STX_VE_394   Syntax     ../rtl/ct_had_pcfifo.v   140    Invalid reference to memory ( chgflow_valid )
STX_VE_606   Syntax     ../rtl/ct_had_pcfifo.v   146    Identifier ( WIDTH ) not declared in current scope
STX_VE_606   Syntax     ../rtl/ct_had_pcfifo.v   152    Identifier ( WIDTH ) not declared in current scope
STX_VE_606   Syntax     ../rtl/ct_had_pcfifo.v   158    Identifier ( WIDTH ) not declared in current scope
STX_VE_606   Syntax     ../rtl/ct_had_pcfifo.v   164    Identifier ( WIDTH ) not declared in current scope

Please refer ./spyglass-1/Design_Read/spyglass_reports directory for SpyGlass reports, or use SpyGlass GUI to see all FATAL messages.
run_goal: info: updating spyglass.log with goal summary
---------------------------------------------------------------------------------------------------
Results Summary:
---------------------------------------------------------------------------------------------------
   Goal Run           :      Design_Read
   Top Module         :      
---------------------------------------------------------------------------------------------------
   Reports Directory: 
   /home/ICer/CORE_RTL/C910_RTL_FACTORY/gen_rtl/had/spy/spyglass-1/consolidated_reports/Design_Read/ 

   SpyGlass LogFile: 
    /home/ICer/CORE_RTL/C910_RTL_FACTORY/gen_rtl/had/spy/spyglass-1/Design_Read/spyglass.log 

   Standard Reports: 
     moresimple.rpt          no_msg_reporting_rules.rpt       

   HTML report:
    /home/ICer/CORE_RTL/C910_RTL_FACTORY/gen_rtl/had/spy/spyglass-1/html_reports/goals_summary.html
  

   Technology Reports:  
     <Not Available>
   
   
---------------------------------------------------------------------------------------------------
   Goal Violation Summary:
       Waived   Messages:                      0 Errors,      0 Warnings,      0 Infos
       Reported Messages:        68 Fatals,    0 Errors,      0 Warnings,      0 Infos
---------------------------------------------------------------------------------------------------
   
---------------------------------------------------------------------------------------------------
 
run_goal: info: spyglass.log successfully updated with goal summary
6 {Rule-checking terminated due to FATAL errors - design syntax error}
INFO:    SpyGlass will run goal(s) 'Design_Read'.


RULE-CHECKING IN MIXED MODE
Loading spyglass (SpyGlass_vL-2016.06) ... (picked from /home/synopsys/SpyGlass-L2016.06/SPYGLASS_HOME/policies/spyglass)

INFO [76]    Using `./spyglass-1/WORK/64' as the Work Directory for 64bit precompiled dump.
Checking Rule ZeroSizeFile (Rule 1 of total 103) .... done (Time = 0.00s, Memory = 0.0K)
Checking Rule PrecompileLibCheck01 (Rule 2 of total 103) .... done (Time = 0.00s, Memory = 0.0K)
Checking Rule PrecompileLibCheck02 (Rule 3 of total 103) .... done (Time = 0.00s, Memory = 0.0K)
Checking Rule PrecompileLibCheck03 (Rule 4 of total 103) .... done (Time = 0.00s, Memory = 23.7K)
Checking Rule PrecompileLibCheck04 (Rule 5 of total 103) .... done (Time = 0.00s, Memory = 0.2K)
Checking Rule SGDC_assume_path01 (Rule 6 of total 103) .... done (Time = 0.00s, Memory = 0.2K)
Checking Rule SGDC_sdcschema02 (Rule 7 of total 103) .... done (Time = 0.00s, Memory = 0.2K)
Checking Rule SGDC_clock05 (Rule 8 of total 103) .... done (Time = 0.00s, Memory = 0.0K)
Checking Rule SGDC_clock09 (Rule 9 of total 103) .... done (Time = 0.00s, Memory = 0.0K)
Checking Rule SGDC_force_ta05 (Rule 10 of total 103) .... done (Time = 0.00s, Memory = 0.0K)
Checking Rule SGDC_require_path03 (Rule 11 of total 103) .... done (Time = 0.00s, Memory = 0.0K)
Checking Rule SGDC_require_value03 (Rule 12 of total 103) .... done (Time = 0.00s, Memory = 4.7K)
Checking Rule SGDC_voltagedomain05 (Rule 13 of total 103) .... done (Time = 0.00s, Memory = -1.5K)
Checking Rule SGDC_voltagedomain06 (Rule 14 of total 103) .... done (Time = 0.00s, Memory = 1.6K)
Checking Rule SGDC_voltagedomain07 (Rule 15 of total 103) .... done (Time = 0.00s, Memory = 16.9K)
Checking Rule SGDC_powerdomainoutputs02 (Rule 16 of total 103) .... done (Time = 0.00s, Memory = 0.0K)
Checking Rule SGDC_supply01 (Rule 17 of total 103) .... done (Time = 0.00s, Memory = 16.0K)
Checking Rule SGDC_waive01 (Rule 18 of total 103) .... done (Time = 0.00s, Memory = -8.0K)
Checking Rule SGDC_waive02 (Rule 19 of total 103) .... done (Time = 0.00s, Memory = 0.0K)
Checking Rule SGDC_waive03 (Rule 20 of total 103) .... done (Time = 0.00s, Memory = 8.0K)
Checking Rule SGDC_waive04 (Rule 21 of total 103) .... done (Time = 0.00s, Memory = 0.0K)
Checking Rule SGDC_waive05 (Rule 22 of total 103) .... done (Time = 0.00s, Memory = -1.0K)
Checking Rule SGDC_waive06 (Rule 23 of total 103) .... done (Time = 0.00s, Memory = 0.0K)
Checking Rule SGDC_waive07 (Rule 24 of total 103) .... done (Time = 0.00s, Memory = 0.0K)
Checking Rule SGDC_waive08 (Rule 25 of total 103) .... done (Time = 0.00s, Memory = -1.5K)
Checking Rule SGDC_waive09 (Rule 26 of total 103) .... done (Time = 0.00s, Memory = -1.2K)
Checking Rule SGDC_waive10 (Rule 27 of total 103) .... done (Time = 0.00s, Memory = 0.0K)
Checking Rule SGDC_waive11 (Rule 28 of total 103) .... done (Time = 0.00s, Memory = -32.0K)
Checking Rule SGDC_waive12 (Rule 29 of total 103) .... done (Time = 0.00s, Memory = -7.5K)
Checking Rule SGDC_waive13 (Rule 30 of total 103) .... done (Time = 0.00s, Memory = 0.0K)
Checking Rule SGDC_waive21 (Rule 31 of total 103) .... done (Time = 0.00s, Memory = 0.0K)
Checking Rule SGDC_waive22 (Rule 32 of total 103) .... done (Time = 0.00s, Memory = 0.0K)
Checking Rule SGDC_waive30 (Rule 33 of total 103) .... done (Time = 0.00s, Memory = 0.0K)
Checking Rule SGDC_waive32 (Rule 34 of total 103) .... done (Time = 0.00s, Memory = 0.0K)
Checking Rule SGDC_waive33 (Rule 35 of total 103) .... done (Time = 0.00s, Memory = 32.6K)
Checking Rule SGDC_waive36 (Rule 36 of total 103) .... done (Time = 0.00s, Memory = 0.0K)
Checking Rule SGDC_waive38 (Rule 37 of total 103) .... done (Time = 0.00s, Memory = -37.0K)
Checking Rule SGDC_fifo01 (Rule 38 of total 103) .... done (Time = 0.00s, Memory = 0.0K)
Checking Rule SGDC_libgroup01 (Rule 39 of total 103) .... done (Time = 0.00s, Memory = 0.0K)
Checking Rule SGDC_libgroup02 (Rule 40 of total 103) .... done (Time = 0.00s, Memory = 0.9K)
Checking Rule SGDC_libgroup04 (Rule 41 of total 103) .... done (Time = 0.00s, Memory = 0.6K)
Checking Rule SGDC_power_data01 (Rule 42 of total 103) .... done (Time = 0.00s, Memory = 23.0K)
Checking Rule SGDC_ungroup01 (Rule 43 of total 103) .... done (Time = 0.00s, Memory = -1.0K)
Checking Rule SGDC_abstract_port06 (Rule 44 of total 103) .... done (Time = 0.00s, Memory = 15.0K)
Checking Rule SGDC_abstract_port14 (Rule 45 of total 103) .... done (Time = 0.00s, Memory = 0.0K)
Checking Rule SGDC_abstract_port15 (Rule 46 of total 103) .... done (Time = 0.00s, Memory = -1.2K)
Checking Rule SGDC_abstract_port18 (Rule 47 of total 103) .... done (Time = 0.00s, Memory = 0.0K)
Checking Rule sdc_init_rule (Rule 48 of total 103) .... done (Time = 0.00s, Memory = 80.6K)
Checking Rule CMD_ignorelibs01 (Rule 49 of total 103) .... done (Time = 0.00s, Memory = 4.7K)
Checking Rule ReportRuleNotRun (Rule 50 of total 103) .... done (Time = 0.00s, Memory = 0.0K)
Checking Rule ReportStopSummary (Rule 51 of total 103) .... done (Time = 0.00s, Memory = 0.0K)
Checking Rule ReportIgnoreSummary (Rule 52 of total 103) .... done (Time = 0.00s, Memory = 8.0K)
 Analyzing source file "../rtl/ct_had_bkpt.v" ....
 Analyzing source file "../rtl/ct_had_common_dbg_info.v" ....
 Analyzing source file "../rtl/ct_had_common_regs.v" ....
 Analyzing source file "../rtl/ct_had_common_top.v" ....
 Analyzing source file "../rtl/ct_had_ctrl.v" ....
 Analyzing source file "../rtl/ct_had_dbg_info.v" ....
 Analyzing source file "../rtl/ct_had_ddc_ctrl.v" ....
 Analyzing source file "../rtl/ct_had_ddc_dp.v" ....
 Analyzing source file "../rtl/ct_had_etm.v" ....
 Analyzing source file "../rtl/ct_had_etm_if.v" ....
 Analyzing source file "../rtl/ct_had_event.v" ....
 Analyzing source file "../rtl/ct_had_io.v" ....
 Analyzing source file "../rtl/ct_had_ir.v" ....
 Analyzing source file "../rtl/ct_had_nirv_bkpt.v" ....
 Analyzing source file "../rtl/ct_had_pcfifo.v" ....
 Analyzing source file "../rtl/ct_had_private_ir.v" ....
 Analyzing source file "../rtl/ct_had_private_top.v" ....
 Analyzing source file "../rtl/ct_had_regs.v" ....
 Analyzing source file "../rtl/ct_had_serial.v" ....
 Analyzing source file "../rtl/ct_had_sm.v" ....
 Analyzing source file "../rtl/ct_had_sync_3flop.v" ....
 Analyzing source file "../rtl/ct_had_trace.v" ....
***Syntax Errors detected - RULE CHECKING ABORTED***
Checking Rule ReportCheckDataSummary (Rule 53 of total 103) .... done (Time = 0.00s, Memory = 0.0K)

SpyGlass Rule Checking ABORTED.

Generating data for Console...

Generating moresimple report from './spyglass-1/Design_Read/spyglass.vdb' to './spyglass-1/Design_Read/spyglass_reports/moresimple.rpt' ....

Generating runsummary report from './spyglass-1/Design_Read/spyglass.vdb' ....

Generating no_msg_reporting_rules report from './spyglass-1/Design_Read/spyglass.vdb' to './spyglass-1/Design_Read/spyglass_reports/no_msg_reporting_rules.rpt' ....

Policy specific data (reports) are present in the directory './spyglass-1/Design_Read/spyglass_reports'.

SpyGlass critical reports for the current run are present in directory './spyglass-1/consolidated_reports/Design_Read/'.

---------------------------------------------------------------------------------------------
Results Summary:
---------------------------------------------------------------------------------------------
   Goal Run           :      Design_Read
** Design Read        :     45 fatals,     0 error,        0 warning,      0 information message 
   -------------------------------------------------------------------------------------
** Total              :     45 fatals,     0 error,        0 warning,      0 information message 

  Total Number of Generated Messages     :        45 (45 fatals, 0 error, 0 warning, 0 Info)
  Number of Reported Messages            :        45 (45 fatals, 0 error, 0 warning, 0 Info)

  NOTE: It is recommended to first fix/reconcile fatals/errors reported on
        lines starting with ** as subsequent issues might be related to it.
        Please re-run SpyGlass once ** prefixed lines are fatal/error clean.

---------------------------------------------------------------------------------------------

First 10 FATAL message(s) generated in current run are -

Rule         Severity   File                     Line   Message
-------------------------------------------------------------------------
STX_VE_533   Syntax     ../rtl/ct_had_ddc_dp.v   72     Used macro ( PA_WIDTH ) has not been defined. Trace: (None)
STX_VE_606   Syntax     ../rtl/ct_had_ddc_dp.v   101    Identifier ( ADDRW ) not declared in current scope
STX_VE_533   Syntax     ../rtl/ct_had_pcfifo.v   111    Used macro ( PA_WIDTH ) has not been defined. Trace: (None)
STX_VE_606   Syntax     ../rtl/ct_had_pcfifo.v   146    Identifier ( WIDTH ) not declared in current scope
STX_VE_606   Syntax     ../rtl/ct_had_pcfifo.v   152    Identifier ( WIDTH ) not declared in current scope
STX_VE_606   Syntax     ../rtl/ct_had_pcfifo.v   158    Identifier ( WIDTH ) not declared in current scope
STX_VE_606   Syntax     ../rtl/ct_had_pcfifo.v   164    Identifier ( WIDTH ) not declared in current scope
STX_VE_606   Syntax     ../rtl/ct_had_pcfifo.v   201    Identifier ( WIDTH ) not declared in current scope
STX_VE_606   Syntax     ../rtl/ct_had_pcfifo.v   208    Identifier ( WIDTH ) not declared in current scope
STX_VE_606   Syntax     ../rtl/ct_had_pcfifo.v   208    Identifier ( WIDTH ) not declared in current scope

Please refer ./spyglass-1/Design_Read/spyglass_reports directory for SpyGlass reports, or use SpyGlass GUI to see all FATAL messages.
run_goal: info: updating spyglass.log with goal summary
---------------------------------------------------------------------------------------------------
Results Summary:
---------------------------------------------------------------------------------------------------
   Goal Run           :      Design_Read
   Top Module         :      
---------------------------------------------------------------------------------------------------
   Reports Directory: 
   /home/ICer/CORE_RTL/C910_RTL_FACTORY/gen_rtl/had/spy/spyglass-1/consolidated_reports/Design_Read/ 

   SpyGlass LogFile: 
    /home/ICer/CORE_RTL/C910_RTL_FACTORY/gen_rtl/had/spy/spyglass-1/Design_Read/spyglass.log 

   Standard Reports: 
     moresimple.rpt          no_msg_reporting_rules.rpt       

   HTML report:
    /home/ICer/CORE_RTL/C910_RTL_FACTORY/gen_rtl/had/spy/spyglass-1/html_reports/goals_summary.html
  

   Technology Reports:  
     <Not Available>
   
   
---------------------------------------------------------------------------------------------------
   Goal Violation Summary:
       Waived   Messages:                      0 Errors,      0 Warnings,      0 Infos
       Reported Messages:        45 Fatals,    0 Errors,      0 Warnings,      0 Infos
---------------------------------------------------------------------------------------------------
   
---------------------------------------------------------------------------------------------------
 
run_goal: info: spyglass.log successfully updated with goal summary
6 {Rule-checking terminated due to FATAL errors - design syntax error}
INFO:    SpyGlass will run goal(s) 'Design_Read'.


RULE-CHECKING IN MIXED MODE
Loading spyglass (SpyGlass_vL-2016.06) ... (picked from /home/synopsys/SpyGlass-L2016.06/SPYGLASS_HOME/policies/spyglass)

INFO [76]    Using `./spyglass-1/WORK/64' as the Work Directory for 64bit precompiled dump.
Checking Rule ZeroSizeFile (Rule 1 of total 103) .... done (Time = 0.00s, Memory = 0.0K)
Checking Rule PrecompileLibCheck01 (Rule 2 of total 103) .... done (Time = 0.00s, Memory = 0.0K)
Checking Rule PrecompileLibCheck02 (Rule 3 of total 103) .... done (Time = 0.00s, Memory = 0.0K)
Checking Rule PrecompileLibCheck03 (Rule 4 of total 103) .... done (Time = 0.00s, Memory = 1.6K)
Checking Rule PrecompileLibCheck04 (Rule 5 of total 103) .... done (Time = 0.00s, Memory = 6.0K)
Checking Rule SGDC_assume_path01 (Rule 6 of total 103) .... done (Time = 0.00s, Memory = 0.0K)
Checking Rule SGDC_sdcschema02 (Rule 7 of total 103) .... done (Time = 0.00s, Memory = 0.0K)
Checking Rule SGDC_clock05 (Rule 8 of total 103) .... done (Time = 0.00s, Memory = 0.0K)
Checking Rule SGDC_clock09 (Rule 9 of total 103) .... done (Time = 0.00s, Memory = 0.0K)
Checking Rule SGDC_force_ta05 (Rule 10 of total 103) .... done (Time = 0.00s, Memory = 0.0K)
Checking Rule SGDC_require_path03 (Rule 11 of total 103) .... done (Time = 0.00s, Memory = 0.0K)
Checking Rule SGDC_require_value03 (Rule 12 of total 103) .... done (Time = 0.00s, Memory = 0.0K)
Checking Rule SGDC_voltagedomain05 (Rule 13 of total 103) .... done (Time = 0.00s, Memory = 0.0K)
Checking Rule SGDC_voltagedomain06 (Rule 14 of total 103) .... done (Time = 0.00s, Memory = -2.0K)
Checking Rule SGDC_voltagedomain07 (Rule 15 of total 103) .... done (Time = 0.00s, Memory = 29.0K)
Checking Rule SGDC_powerdomainoutputs02 (Rule 16 of total 103) .... done (Time = 0.00s, Memory = -8.0K)
Checking Rule SGDC_supply01 (Rule 17 of total 103) .... done (Time = 0.00s, Memory = 0.0K)
Checking Rule SGDC_waive01 (Rule 18 of total 103) .... done (Time = 0.00s, Memory = -8.0K)
Checking Rule SGDC_waive02 (Rule 19 of total 103) .... done (Time = 0.00s, Memory = 0.0K)
Checking Rule SGDC_waive03 (Rule 20 of total 103) .... done (Time = 0.00s, Memory = 4.0K)
Checking Rule SGDC_waive04 (Rule 21 of total 103) .... done (Time = 0.00s, Memory = 0.0K)
Checking Rule SGDC_waive05 (Rule 22 of total 103) .... done (Time = 0.00s, Memory = 0.0K)
Checking Rule SGDC_waive06 (Rule 23 of total 103) .... done (Time = 0.00s, Memory = -0.3K)
Checking Rule SGDC_waive07 (Rule 24 of total 103) .... done (Time = 0.00s, Memory = -2.1K)
Checking Rule SGDC_waive08 (Rule 25 of total 103) .... done (Time = 0.00s, Memory = -4.9K)
Checking Rule SGDC_waive09 (Rule 26 of total 103) .... done (Time = 0.00s, Memory = -2.4K)
Checking Rule SGDC_waive10 (Rule 27 of total 103) .... done (Time = 0.00s, Memory = -3.1K)
Checking Rule SGDC_waive11 (Rule 28 of total 103) .... done (Time = 0.00s, Memory = 32.0K)
Checking Rule SGDC_waive12 (Rule 29 of total 103) .... done (Time = 0.00s, Memory = 0.0K)
Checking Rule SGDC_waive13 (Rule 30 of total 103) .... done (Time = 0.00s, Memory = 0.0K)
Checking Rule SGDC_waive21 (Rule 31 of total 103) .... done (Time = 0.00s, Memory = 0.0K)
Checking Rule SGDC_waive22 (Rule 32 of total 103) .... done (Time = 0.00s, Memory = 0.0K)
Checking Rule SGDC_waive30 (Rule 33 of total 103) .... done (Time = 0.00s, Memory = 0.0K)
Checking Rule SGDC_waive32 (Rule 34 of total 103) .... done (Time = 0.00s, Memory = 0.0K)
Checking Rule SGDC_waive33 (Rule 35 of total 103) .... done (Time = 0.00s, Memory = 0.0K)
Checking Rule SGDC_waive36 (Rule 36 of total 103) .... done (Time = 0.00s, Memory = 0.0K)
Checking Rule SGDC_waive38 (Rule 37 of total 103) .... done (Time = 0.00s, Memory = 0.0K)
Checking Rule SGDC_fifo01 (Rule 38 of total 103) .... done (Time = 0.00s, Memory = 2.8K)
Checking Rule SGDC_libgroup01 (Rule 39 of total 103) .... done (Time = 0.00s, Memory = 0.9K)
Checking Rule SGDC_libgroup02 (Rule 40 of total 103) .... done (Time = 0.00s, Memory = 0.0K)
Checking Rule SGDC_libgroup04 (Rule 41 of total 103) .... done (Time = 0.00s, Memory = 0.0K)
Checking Rule SGDC_power_data01 (Rule 42 of total 103) .... done (Time = 0.00s, Memory = 15.0K)
Checking Rule SGDC_ungroup01 (Rule 43 of total 103) .... done (Time = 0.00s, Memory = 0.0K)
Checking Rule SGDC_abstract_port06 (Rule 44 of total 103) .... done (Time = 0.00s, Memory = 47.0K)
Checking Rule SGDC_abstract_port14 (Rule 45 of total 103) .... done (Time = 0.00s, Memory = 0.0K)
Checking Rule SGDC_abstract_port15 (Rule 46 of total 103) .... done (Time = 0.00s, Memory = 16.0K)
Checking Rule SGDC_abstract_port18 (Rule 47 of total 103) .... done (Time = 0.00s, Memory = -8.0K)
Checking Rule sdc_init_rule (Rule 48 of total 103) .... done (Time = 0.00s, Memory = 80.6K)
Checking Rule CMD_ignorelibs01 (Rule 49 of total 103) .... done (Time = 0.00s, Memory = 0.0K)
Checking Rule ReportRuleNotRun (Rule 50 of total 103) .... done (Time = 0.00s, Memory = 0.0K)
Checking Rule ReportStopSummary (Rule 51 of total 103) .... done (Time = 0.00s, Memory = 0.0K)
Checking Rule ReportIgnoreSummary (Rule 52 of total 103) .... done (Time = 0.00s, Memory = 0.0K)
 Analyzing source file "../rtl/ct_had_bkpt.v" ....
 Analyzing source file "../rtl/ct_had_common_dbg_info.v" ....
 Analyzing source file "../rtl/ct_had_common_regs.v" ....
 Analyzing source file "../rtl/ct_had_common_top.v" ....
 Analyzing source file "../rtl/ct_had_ctrl.v" ....
 Analyzing source file "../rtl/ct_had_dbg_info.v" ....
 Analyzing source file "../rtl/ct_had_ddc_ctrl.v" ....
 Analyzing source file "../rtl/ct_had_ddc_dp.v" ....
 Analyzing source file "../rtl/ct_had_etm.v" ....
 Analyzing source file "../rtl/ct_had_etm_if.v" ....
 Analyzing source file "../rtl/ct_had_event.v" ....
 Analyzing source file "../rtl/ct_had_io.v" ....
 Analyzing source file "../rtl/ct_had_ir.v" ....
 Analyzing source file "../rtl/ct_had_nirv_bkpt.v" ....
 Analyzing source file "../rtl/ct_had_pcfifo.v" ....
 Analyzing source file "../rtl/ct_had_private_ir.v" ....
 Analyzing source file "../rtl/ct_had_private_top.v" ....
 Analyzing source file "../rtl/ct_had_regs.v" ....
 Analyzing source file "../rtl/ct_had_serial.v" ....
 Analyzing source file "../rtl/ct_had_sm.v" ....
 Analyzing source file "../rtl/ct_had_sync_3flop.v" ....
 Analyzing source file "../rtl/ct_had_trace.v" ....
***Syntax Errors detected - RULE CHECKING ABORTED***
Checking Rule ReportCheckDataSummary (Rule 53 of total 103) .... done (Time = 0.00s, Memory = 0.0K)

SpyGlass Rule Checking ABORTED.

Generating data for Console...

Generating moresimple report from './spyglass-1/Design_Read/spyglass.vdb' to './spyglass-1/Design_Read/spyglass_reports/moresimple.rpt' ....

Generating runsummary report from './spyglass-1/Design_Read/spyglass.vdb' ....

Generating no_msg_reporting_rules report from './spyglass-1/Design_Read/spyglass.vdb' to './spyglass-1/Design_Read/spyglass_reports/no_msg_reporting_rules.rpt' ....

Policy specific data (reports) are present in the directory './spyglass-1/Design_Read/spyglass_reports'.

SpyGlass critical reports for the current run are present in directory './spyglass-1/consolidated_reports/Design_Read/'.

---------------------------------------------------------------------------------------------
Results Summary:
---------------------------------------------------------------------------------------------
   Goal Run           :      Design_Read
** Design Read        :     43 fatals,     0 error,        0 warning,      0 information message 
   -------------------------------------------------------------------------------------
** Total              :     43 fatals,     0 error,        0 warning,      0 information message 

  Total Number of Generated Messages     :        43 (43 fatals, 0 error, 0 warning, 0 Info)
  Number of Reported Messages            :        43 (43 fatals, 0 error, 0 warning, 0 Info)

  NOTE: It is recommended to first fix/reconcile fatals/errors reported on
        lines starting with ** as subsequent issues might be related to it.
        Please re-run SpyGlass once ** prefixed lines are fatal/error clean.

---------------------------------------------------------------------------------------------

First 10 FATAL message(s) generated in current run are -

Rule         Severity   File                     Line   Message
-------------------------------------------------------------------------
STX_VE_533   Syntax     ../rtl/ct_had_ddc_dp.v   72     Used macro ( PA_WIDTH ) has not been defined. Trace: (None)
STX_VE_606   Syntax     ../rtl/ct_had_ddc_dp.v   101    Identifier ( ADDRW ) not declared in current scope
STX_VE_533   Syntax     ../rtl/ct_had_pcfifo.v   111    Used macro ( PA_WIDTH ) has not been defined. Trace: (None)
STX_VE_606   Syntax     ../rtl/ct_had_pcfifo.v   146    Identifier ( WIDTH ) not declared in current scope
STX_VE_606   Syntax     ../rtl/ct_had_pcfifo.v   152    Identifier ( WIDTH ) not declared in current scope
STX_VE_606   Syntax     ../rtl/ct_had_pcfifo.v   158    Identifier ( WIDTH ) not declared in current scope
STX_VE_606   Syntax     ../rtl/ct_had_pcfifo.v   164    Identifier ( WIDTH ) not declared in current scope
STX_VE_606   Syntax     ../rtl/ct_had_pcfifo.v   201    Identifier ( WIDTH ) not declared in current scope
STX_VE_606   Syntax     ../rtl/ct_had_pcfifo.v   208    Identifier ( WIDTH ) not declared in current scope
STX_VE_606   Syntax     ../rtl/ct_had_pcfifo.v   208    Identifier ( WIDTH ) not declared in current scope

Please refer ./spyglass-1/Design_Read/spyglass_reports directory for SpyGlass reports, or use SpyGlass GUI to see all FATAL messages.
run_goal: info: updating spyglass.log with goal summary
---------------------------------------------------------------------------------------------------
Results Summary:
---------------------------------------------------------------------------------------------------
   Goal Run           :      Design_Read
   Top Module         :      
---------------------------------------------------------------------------------------------------
   Reports Directory: 
   /home/ICer/CORE_RTL/C910_RTL_FACTORY/gen_rtl/had/spy/spyglass-1/consolidated_reports/Design_Read/ 

   SpyGlass LogFile: 
    /home/ICer/CORE_RTL/C910_RTL_FACTORY/gen_rtl/had/spy/spyglass-1/Design_Read/spyglass.log 

   Standard Reports: 
     moresimple.rpt          no_msg_reporting_rules.rpt       

   HTML report:
    /home/ICer/CORE_RTL/C910_RTL_FACTORY/gen_rtl/had/spy/spyglass-1/html_reports/goals_summary.html
  

   Technology Reports:  
     <Not Available>
   
   
---------------------------------------------------------------------------------------------------
   Goal Violation Summary:
       Waived   Messages:                      0 Errors,      0 Warnings,      0 Infos
       Reported Messages:        43 Fatals,    0 Errors,      0 Warnings,      0 Infos
---------------------------------------------------------------------------------------------------
   
---------------------------------------------------------------------------------------------------
 
run_goal: info: spyglass.log successfully updated with goal summary
6 {Rule-checking terminated due to FATAL errors - design syntax error}